{"D:\\Lilia\\xcy-nuxt\\app\\utils\\formatTime.ts": {"path":"D:\\Lilia\\xcy-nuxt\\app\\utils\\formatTime.ts","statementMap":{"0":{"start":{"line":7,"column":32},"end":{"line":53,"column":null}},"1":{"start":{"line":11,"column":6},"end":{"line":11,"column":null}},"2":{"start":{"line":17,"column":19},"end":{"line":17,"column":null}},"3":{"start":{"line":18,"column":6},"end":{"line":18,"column":null}},"4":{"start":{"line":19,"column":6},"end":{"line":19,"column":null}},"5":{"start":{"line":25,"column":19},"end":{"line":25,"column":null}},"6":{"start":{"line":26,"column":6},"end":{"line":26,"column":null}},"7":{"start":{"line":27,"column":6},"end":{"line":27,"column":null}},"8":{"start":{"line":33,"column":19},"end":{"line":33,"column":null}},"9":{"start":{"line":34,"column":6},"end":{"line":34,"column":null}},"10":{"start":{"line":35,"column":6},"end":{"line":35,"column":null}},"11":{"start":{"line":41,"column":19},"end":{"line":41,"column":null}},"12":{"start":{"line":42,"column":6},"end":{"line":42,"column":null}},"13":{"start":{"line":43,"column":6},"end":{"line":43,"column":null}},"14":{"start":{"line":49,"column":19},"end":{"line":49,"column":null}},"15":{"start":{"line":50,"column":6},"end":{"line":50,"column":null}},"16":{"start":{"line":68,"column":2},"end":{"line":70,"column":null}},"17":{"start":{"line":69,"column":4},"end":{"line":69,"column":null}},"18":{"start":{"line":72,"column":2},"end":{"line":72,"column":null}},"19":{"start":{"line":82,"column":46},"end":{"line":87,"column":null}},"20":{"start":{"line":89,"column":2},"end":{"line":91,"column":null}},"21":{"start":{"line":90,"column":4},"end":{"line":90,"column":null}},"22":{"start":{"line":93,"column":2},"end":{"line":93,"column":null}},"23":{"start":{"line":104,"column":18},"end":{"line":104,"column":null}},"24":{"start":{"line":105,"column":18},"end":{"line":105,"column":null}},"25":{"start":{"line":106,"column":20},"end":{"line":115,"column":null}},"26":{"start":{"line":118,"column":31},"end":{"line":118,"column":null}},"27":{"start":{"line":119,"column":29},"end":{"line":119,"column":null}},"28":{"start":{"line":120,"column":33},"end":{"line":120,"column":null}},"29":{"start":{"line":122,"column":2},"end":{"line":122,"column":null}},"30":{"start":{"line":131,"column":15},"end":{"line":131,"column":null}},"31":{"start":{"line":132,"column":20},"end":{"line":132,"column":null}},"32":{"start":{"line":133,"column":16},"end":{"line":133,"column":null}},"33":{"start":{"line":134,"column":18},"end":{"line":134,"column":null}},"34":{"start":{"line":136,"column":2},"end":{"line":136,"column":null}},"35":{"start":{"line":147,"column":19},"end":{"line":176,"column":null}},"36":{"start":{"line":178,"column":15},"end":{"line":178,"column":null}},"37":{"start":{"line":178,"column":36},"end":{"line":178,"column":59}},"38":{"start":{"line":179,"column":2},"end":{"line":179,"column":null}},"39":{"start":{"line":186,"column":15},"end":{"line":186,"column":null}},"40":{"start":{"line":187,"column":2},"end":{"line":193,"column":null}},"41":{"start":{"line":200,"column":2},"end":{"line":200,"column":null}},"42":{"start":{"line":209,"column":20},"end":{"line":209,"column":null}},"43":{"start":{"line":211,"column":18},"end":{"line":211,"column":null}},"44":{"start":{"line":213,"column":2},"end":{"line":213,"column":null}},"45":{"start":{"line":214,"column":17},"end":{"line":214,"column":null}},"46":{"start":{"line":215,"column":20},"end":{"line":215,"column":null}},"47":{"start":{"line":216,"column":17},"end":{"line":216,"column":null}},"48":{"start":{"line":217,"column":2},"end":{"line":217,"column":null}},"49":{"start":{"line":217,"column":22},"end":{"line":217,"column":null}},"50":{"start":{"line":218,"column":2},"end":{"line":218,"column":null}},"51":{"start":{"line":219,"column":12},"end":{"line":219,"column":null}},"52":{"start":{"line":220,"column":2},"end":{"line":220,"column":null}},"53":{"start":{"line":238,"column":6},"end":{"line":238,"column":null}},"54":{"start":{"line":240,"column":2},"end":{"line":240,"column":null}},"55":{"start":{"line":242,"column":2},"end":{"line":242,"column":null}},"56":{"start":{"line":243,"column":2},"end":{"line":266,"column":null}},"57":{"start":{"line":245,"column":4},"end":{"line":245,"column":null}},"58":{"start":{"line":246,"column":2},"end":{"line":266,"column":null}},"59":{"start":{"line":248,"column":4},"end":{"line":248,"column":null}},"60":{"start":{"line":249,"column":4},"end":{"line":249,"column":null}},"61":{"start":{"line":250,"column":2},"end":{"line":266,"column":null}},"62":{"start":{"line":252,"column":4},"end":{"line":252,"column":null}},"63":{"start":{"line":253,"column":4},"end":{"line":253,"column":null}},"64":{"start":{"line":254,"column":2},"end":{"line":266,"column":null}},"65":{"start":{"line":256,"column":4},"end":{"line":256,"column":null}},"66":{"start":{"line":257,"column":4},"end":{"line":257,"column":null}},"67":{"start":{"line":258,"column":2},"end":{"line":266,"column":null}},"68":{"start":{"line":260,"column":4},"end":{"line":260,"column":null}},"69":{"start":{"line":261,"column":4},"end":{"line":261,"column":null}},"70":{"start":{"line":264,"column":17},"end":{"line":264,"column":null}},"71":{"start":{"line":265,"column":4},"end":{"line":265,"column":null}},"72":{"start":{"line":276,"column":23},"end":{"line":276,"column":null}},"73":{"start":{"line":277,"column":2},"end":{"line":284,"column":null}},"74":{"start":{"line":277,"column":16},"end":{"line":277,"column":null}},"75":{"start":{"line":277,"column":23},"end":{"line":284,"column":null}},"76":{"start":{"line":278,"column":21},"end":{"line":278,"column":null}},"77":{"start":{"line":278,"column":28},"end":{"line":284,"column":null}},"78":{"start":{"line":279,"column":22},"end":{"line":279,"column":null}},"79":{"start":{"line":279,"column":29},"end":{"line":284,"column":null}},"80":{"start":{"line":280,"column":22},"end":{"line":280,"column":null}},"81":{"start":{"line":280,"column":29},"end":{"line":284,"column":null}},"82":{"start":{"line":281,"column":22},"end":{"line":281,"column":null}},"83":{"start":{"line":281,"column":29},"end":{"line":284,"column":null}},"84":{"start":{"line":282,"column":22},"end":{"line":282,"column":null}},"85":{"start":{"line":282,"column":29},"end":{"line":284,"column":null}},"86":{"start":{"line":283,"column":22},"end":{"line":283,"column":null}},"87":{"start":{"line":284,"column":7},"end":{"line":284,"column":null}},"88":{"start":{"line":294,"column":14},"end":{"line":294,"column":null}},"89":{"start":{"line":295,"column":15},"end":{"line":295,"column":null}},"90":{"start":{"line":296,"column":17},"end":{"line":296,"column":null}},"91":{"start":{"line":297,"column":17},"end":{"line":297,"column":null}},"92":{"start":{"line":298,"column":2},"end":{"line":300,"column":null}},"93":{"start":{"line":299,"column":4},"end":{"line":299,"column":null}},"94":{"start":{"line":301,"column":2},"end":{"line":303,"column":null}},"95":{"start":{"line":302,"column":4},"end":{"line":302,"column":null}},"96":{"start":{"line":304,"column":2},"end":{"line":306,"column":null}},"97":{"start":{"line":305,"column":4},"end":{"line":305,"column":null}},"98":{"start":{"line":307,"column":2},"end":{"line":311,"column":null}},"99":{"start":{"line":308,"column":4},"end":{"line":308,"column":null}},"100":{"start":{"line":310,"column":4},"end":{"line":310,"column":null}},"101":{"start":{"line":322,"column":2},"end":{"line":322,"column":null}},"102":{"start":{"line":333,"column":2},"end":{"line":333,"column":null}},"103":{"start":{"line":342,"column":2},"end":{"line":342,"column":null}},"104":{"start":{"line":351,"column":2},"end":{"line":351,"column":null}},"105":{"start":{"line":360,"column":2},"end":{"line":360,"column":null}},"106":{"start":{"line":361,"column":2},"end":{"line":361,"column":null}},"107":{"start":{"line":363,"column":2},"end":{"line":363,"column":null}},"108":{"start":{"line":372,"column":2},"end":{"line":372,"column":null}},"109":{"start":{"line":373,"column":2},"end":{"line":373,"column":null}},"110":{"start":{"line":381,"column":2},"end":{"line":383,"column":null}},"111":{"start":{"line":382,"column":4},"end":{"line":382,"column":null}},"112":{"start":{"line":384,"column":2},"end":{"line":384,"column":null}},"113":{"start":{"line":393,"column":2},"end":{"line":393,"column":null}},"114":{"start":{"line":393,"column":16},"end":{"line":393,"column":null}},"115":{"start":{"line":395,"column":8},"end":{"line":395,"column":null}},"116":{"start":{"line":396,"column":8},"end":{"line":396,"column":null}},"117":{"start":{"line":397,"column":2},"end":{"line":397,"column":null}},"118":{"start":{"line":409,"column":8},"end":{"line":409,"column":null}},"119":{"start":{"line":410,"column":2},"end":{"line":410,"column":null}},"120":{"start":{"line":417,"column":8},"end":{"line":417,"column":null}},"121":{"start":{"line":418,"column":8},"end":{"line":418,"column":null}},"122":{"start":{"line":419,"column":2},"end":{"line":419,"column":null}},"123":{"start":{"line":426,"column":8},"end":{"line":426,"column":null}},"124":{"start":{"line":427,"column":8},"end":{"line":427,"column":null}},"125":{"start":{"line":428,"column":2},"end":{"line":428,"column":null}},"126":{"start":{"line":435,"column":8},"end":{"line":435,"column":null}},"127":{"start":{"line":436,"column":8},"end":{"line":436,"column":null}},"128":{"start":{"line":437,"column":2},"end":{"line":437,"column":null}},"129":{"start":{"line":449,"column":2},"end":{"line":452,"column":null}},"130":{"start":{"line":457,"column":14},"end":{"line":457,"column":null}},"131":{"start":{"line":458,"column":19},"end":{"line":458,"column":null}},"132":{"start":{"line":459,"column":2},"end":{"line":459,"column":null}},"133":{"start":{"line":468,"column":2},"end":{"line":468,"column":null}},"134":{"start":{"line":479,"column":21},"end":{"line":479,"column":null}},"135":{"start":{"line":482,"column":2},"end":{"line":484,"column":null}},"136":{"start":{"line":483,"column":4},"end":{"line":483,"column":null}},"137":{"start":{"line":487,"column":14},"end":{"line":487,"column":null}},"138":{"start":{"line":488,"column":22},"end":{"line":488,"column":null}},"139":{"start":{"line":491,"column":20},"end":{"line":495,"column":null}},"140":{"start":{"line":496,"column":2},"end":{"line":502,"column":null}},"141":{"start":{"line":497,"column":4},"end":{"line":501,"column":null}},"142":{"start":{"line":505,"column":19},"end":{"line":505,"column":null}},"143":{"start":{"line":506,"column":2},"end":{"line":506,"column":null}}},"fnMap":{"0":{"name":"(anonymous_0)","decl":{"start":{"line":10,"column":11},"end":{"line":10,"column":17}},"loc":{"start":{"line":10,"column":17},"end":{"line":12,"column":null}},"line":10},"1":{"name":"(anonymous_1)","decl":{"start":{"line":16,"column":11},"end":{"line":16,"column":17}},"loc":{"start":{"line":16,"column":17},"end":{"line":20,"column":null}},"line":16},"2":{"name":"(anonymous_2)","decl":{"start":{"line":24,"column":11},"end":{"line":24,"column":17}},"loc":{"start":{"line":24,"column":17},"end":{"line":28,"column":null}},"line":24},"3":{"name":"(anonymous_3)","decl":{"start":{"line":32,"column":11},"end":{"line":32,"column":17}},"loc":{"start":{"line":32,"column":17},"end":{"line":36,"column":null}},"line":32},"4":{"name":"(anonymous_4)","decl":{"start":{"line":40,"column":11},"end":{"line":40,"column":17}},"loc":{"start":{"line":40,"column":17},"end":{"line":44,"column":null}},"line":40},"5":{"name":"(anonymous_5)","decl":{"start":{"line":48,"column":11},"end":{"line":48,"column":17}},"loc":{"start":{"line":48,"column":17},"end":{"line":51,"column":null}},"line":48},"6":{"name":"formatDate","decl":{"start":{"line":66,"column":16},"end":{"line":66,"column":27}},"loc":{"start":{"line":66,"column":85},"end":{"line":73,"column":null}},"line":66},"7":{"name":"formatTime","decl":{"start":{"line":81,"column":16},"end":{"line":81,"column":27}},"loc":{"start":{"line":81,"column":66},"end":{"line":94,"column":null}},"line":81},"8":{"name":"getTimeInTimeZone","decl":{"start":{"line":102,"column":16},"end":{"line":102,"column":34}},"loc":{"start":{"line":102,"column":70},"end":{"line":123,"column":null}},"line":102},"9":{"name":"formatOffset","decl":{"start":{"line":130,"column":16},"end":{"line":130,"column":29}},"loc":{"start":{"line":130,"column":53},"end":{"line":137,"column":null}},"line":130},"10":{"name":"getOffsetFromTimeZone","decl":{"start":{"line":144,"column":16},"end":{"line":144,"column":38}},"loc":{"start":{"line":144,"column":64},"end":{"line":180,"column":null}},"line":144},"11":{"name":"(anonymous_11)","decl":{"start":{"line":178,"column":29},"end":{"line":178,"column":30}},"loc":{"start":{"line":178,"column":36},"end":{"line":178,"column":59}},"line":178},"12":{"name":"formatFileDate","decl":{"start":{"line":185,"column":16},"end":{"line":185,"column":31}},"loc":{"start":{"line":185,"column":58},"end":{"line":194,"column":null}},"line":185},"13":{"name":"getNowDateTime","decl":{"start":{"line":199,"column":16},"end":{"line":199,"column":33}},"loc":{"start":{"line":199,"column":33},"end":{"line":201,"column":null}},"line":199},"14":{"name":"getWeek","decl":{"start":{"line":208,"column":16},"end":{"line":208,"column":24}},"loc":{"start":{"line":208,"column":48},"end":{"line":221,"column":null}},"line":208},"15":{"name":"formatPast","decl":{"start":{"line":234,"column":16},"end":{"line":234,"column":27}},"loc":{"start":{"line":234,"column":98},"end":{"line":267,"column":null}},"line":234},"16":{"name":"formatAxis","decl":{"start":{"line":275,"column":16},"end":{"line":275,"column":27}},"loc":{"start":{"line":275,"column":48},"end":{"line":285,"column":null}},"line":275},"17":{"name":"formatPast2","decl":{"start":{"line":293,"column":16},"end":{"line":293,"column":28}},"loc":{"start":{"line":293,"column":48},"end":{"line":312,"column":null}},"line":293},"18":{"name":"dateFormatter","decl":{"start":{"line":321,"column":16},"end":{"line":321,"column":30}},"loc":{"start":{"line":321,"column":95},"end":{"line":323,"column":null}},"line":321},"19":{"name":"dateFormatter2","decl":{"start":{"line":332,"column":16},"end":{"line":332,"column":31}},"loc":{"start":{"line":332,"column":96},"end":{"line":334,"column":null}},"line":332},"20":{"name":"beginOfDay","decl":{"start":{"line":341,"column":16},"end":{"line":341,"column":27}},"loc":{"start":{"line":341,"column":46},"end":{"line":343,"column":null}},"line":341},"21":{"name":"endOfDay","decl":{"start":{"line":350,"column":16},"end":{"line":350,"column":25}},"loc":{"start":{"line":350,"column":44},"end":{"line":352,"column":null}},"line":350},"22":{"name":"betweenDay","decl":{"start":{"line":359,"column":16},"end":{"line":359,"column":27}},"loc":{"start":{"line":359,"column":63},"end":{"line":364,"column":null}},"line":359},"23":{"name":"addTime","decl":{"start":{"line":371,"column":16},"end":{"line":371,"column":24}},"loc":{"start":{"line":371,"column":60},"end":{"line":374,"column":null}},"line":371},"24":{"name":"convertDate","decl":{"start":{"line":380,"column":16},"end":{"line":380,"column":28}},"loc":{"start":{"line":380,"column":56},"end":{"line":385,"column":null}},"line":380},"25":{"name":"isSameDay","decl":{"start":{"line":392,"column":16},"end":{"line":392,"column":26}},"loc":{"start":{"line":392,"column":77},"end":{"line":398,"column":null}},"line":392},"26":{"name":"getDayRange","decl":{"start":{"line":405,"column":16},"end":{"line":405,"column":null}},"loc":{"start":{"line":408,"column":40},"end":{"line":411,"column":null}},"line":408},"27":{"name":"getLast7Days","decl":{"start":{"line":416,"column":16},"end":{"line":416,"column":69}},"loc":{"start":{"line":416,"column":69},"end":{"line":420,"column":null}},"line":416},"28":{"name":"getLast30Days","decl":{"start":{"line":425,"column":16},"end":{"line":425,"column":70}},"loc":{"start":{"line":425,"column":70},"end":{"line":429,"column":null}},"line":425},"29":{"name":"getLast1Year","decl":{"start":{"line":434,"column":16},"end":{"line":434,"column":69}},"loc":{"start":{"line":434,"column":69},"end":{"line":438,"column":null}},"line":434},"30":{"name":"getDateRange","decl":{"start":{"line":445,"column":16},"end":{"line":445,"column":null}},"loc":{"start":{"line":448,"column":20},"end":{"line":453,"column":null}},"line":448},"31":{"name":"getTomorrowZeroTimestamp","decl":{"start":{"line":456,"column":16},"end":{"line":456,"column":51}},"loc":{"start":{"line":456,"column":51},"end":{"line":460,"column":null}},"line":456},"32":{"name":"getCurrentDate","decl":{"start":{"line":467,"column":16},"end":{"line":467,"column":31}},"loc":{"start":{"line":467,"column":79},"end":{"line":469,"column":null}},"line":467},"33":{"name":"calculateCountdownDays","decl":{"start":{"line":477,"column":16},"end":{"line":477,"column":39}},"loc":{"start":{"line":477,"column":70},"end":{"line":507,"column":null}},"line":477}},"branchMap":{"0":{"loc":{"start":{"line":68,"column":2},"end":{"line":70,"column":null}},"type":"if","locations":[{"start":{"line":68,"column":2},"end":{"line":70,"column":null}},{"start":{},"end":{}}],"line":68},"1":{"loc":{"start":{"line":72,"column":9},"end":{"line":72,"column":null}},"type":"cond-expr","locations":[{"start":{"line":72,"column":9},"end":{"line":72,"column":70}},{"start":{"line":72,"column":70},"end":{"line":72,"column":null}}],"line":72},"2":{"loc":{"start":{"line":72,"column":35},"end":{"line":72,"column":66}},"type":"binary-expr","locations":[{"start":{"line":72,"column":35},"end":{"line":72,"column":45}},{"start":{"line":72,"column":45},"end":{"line":72,"column":66}}],"line":72},"3":{"loc":{"start":{"line":89,"column":2},"end":{"line":91,"column":null}},"type":"if","locations":[{"start":{"line":89,"column":2},"end":{"line":91,"column":null}},{"start":{},"end":{}}],"line":89},"4":{"loc":{"start":{"line":131,"column":15},"end":{"line":131,"column":null}},"type":"cond-expr","locations":[{"start":{"line":131,"column":29},"end":{"line":131,"column":35}},{"start":{"line":131,"column":35},"end":{"line":131,"column":null}}],"line":131},"5":{"loc":{"start":{"line":179,"column":9},"end":{"line":179,"column":null}},"type":"cond-expr","locations":[{"start":{"line":179,"column":16},"end":{"line":179,"column":30}},{"start":{"line":179,"column":30},"end":{"line":179,"column":null}}],"line":179},"6":{"loc":{"start":{"line":211,"column":18},"end":{"line":211,"column":null}},"type":"binary-expr","locations":[{"start":{"line":211,"column":18},"end":{"line":211,"column":40}},{"start":{"line":211,"column":40},"end":{"line":211,"column":null}}],"line":211},"7":{"loc":{"start":{"line":217,"column":2},"end":{"line":217,"column":null}},"type":"if","locations":[{"start":{"line":217,"column":2},"end":{"line":217,"column":null}},{"start":{},"end":{}}],"line":217},"8":{"loc":{"start":{"line":234,"column":58},"end":{"line":234,"column":98}},"type":"default-arg","locations":[{"start":{"line":234,"column":67},"end":{"line":234,"column":98}}],"line":234},"9":{"loc":{"start":{"line":240,"column":2},"end":{"line":240,"column":null}},"type":"cond-expr","locations":[{"start":{"line":240,"column":43},"end":{"line":240,"column":77}},{"start":{"line":240,"column":77},"end":{"line":240,"column":null}}],"line":240},"10":{"loc":{"start":{"line":240,"column":2},"end":{"line":240,"column":43}},"type":"binary-expr","locations":[{"start":{"line":240,"column":2},"end":{"line":240,"column":31}},{"start":{"line":240,"column":31},"end":{"line":240,"column":43}}],"line":240},"11":{"loc":{"start":{"line":243,"column":2},"end":{"line":266,"column":null}},"type":"if","locations":[{"start":{"line":243,"column":2},"end":{"line":266,"column":null}},{"start":{"line":246,"column":2},"end":{"line":266,"column":null}}],"line":243},"12":{"loc":{"start":{"line":246,"column":2},"end":{"line":266,"column":null}},"type":"if","locations":[{"start":{"line":246,"column":2},"end":{"line":266,"column":null}},{"start":{"line":250,"column":2},"end":{"line":266,"column":null}}],"line":246},"13":{"loc":{"start":{"line":246,"column":13},"end":{"line":246,"column":44}},"type":"binary-expr","locations":[{"start":{"line":246,"column":13},"end":{"line":246,"column":29}},{"start":{"line":246,"column":29},"end":{"line":246,"column":44}}],"line":246},"14":{"loc":{"start":{"line":250,"column":2},"end":{"line":266,"column":null}},"type":"if","locations":[{"start":{"line":250,"column":2},"end":{"line":266,"column":null}},{"start":{"line":254,"column":2},"end":{"line":266,"column":null}}],"line":250},"15":{"loc":{"start":{"line":250,"column":13},"end":{"line":250,"column":46}},"type":"binary-expr","locations":[{"start":{"line":250,"column":13},"end":{"line":250,"column":31}},{"start":{"line":250,"column":31},"end":{"line":250,"column":46}}],"line":250},"16":{"loc":{"start":{"line":254,"column":2},"end":{"line":266,"column":null}},"type":"if","locations":[{"start":{"line":254,"column":2},"end":{"line":266,"column":null}},{"start":{"line":258,"column":2},"end":{"line":266,"column":null}}],"line":254},"17":{"loc":{"start":{"line":254,"column":13},"end":{"line":254,"column":49}},"type":"binary-expr","locations":[{"start":{"line":254,"column":13},"end":{"line":254,"column":32}},{"start":{"line":254,"column":32},"end":{"line":254,"column":49}}],"line":254},"18":{"loc":{"start":{"line":258,"column":2},"end":{"line":266,"column":null}},"type":"if","locations":[{"start":{"line":258,"column":2},"end":{"line":266,"column":null}},{"start":{"line":262,"column":9},"end":{"line":266,"column":null}}],"line":258},"19":{"loc":{"start":{"line":258,"column":13},"end":{"line":258,"column":51}},"type":"binary-expr","locations":[{"start":{"line":258,"column":13},"end":{"line":258,"column":33}},{"start":{"line":258,"column":33},"end":{"line":258,"column":51}}],"line":258},"20":{"loc":{"start":{"line":264,"column":17},"end":{"line":264,"column":null}},"type":"cond-expr","locations":[{"start":{"line":264,"column":57},"end":{"line":264,"column":75}},{"start":{"line":264,"column":75},"end":{"line":264,"column":null}}],"line":264},"21":{"loc":{"start":{"line":264,"column":17},"end":{"line":264,"column":57}},"type":"binary-expr","locations":[{"start":{"line":264,"column":17},"end":{"line":264,"column":46}},{"start":{"line":264,"column":46},"end":{"line":264,"column":57}}],"line":264},"22":{"loc":{"start":{"line":277,"column":2},"end":{"line":284,"column":null}},"type":"if","locations":[{"start":{"line":277,"column":2},"end":{"line":284,"column":null}},{"start":{"line":277,"column":23},"end":{"line":284,"column":null}}],"line":277},"23":{"loc":{"start":{"line":277,"column":23},"end":{"line":284,"column":null}},"type":"if","locations":[{"start":{"line":277,"column":23},"end":{"line":284,"column":null}},{"start":{"line":278,"column":28},"end":{"line":284,"column":null}}],"line":277},"24":{"loc":{"start":{"line":278,"column":28},"end":{"line":284,"column":null}},"type":"if","locations":[{"start":{"line":278,"column":28},"end":{"line":284,"column":null}},{"start":{"line":279,"column":29},"end":{"line":284,"column":null}}],"line":278},"25":{"loc":{"start":{"line":279,"column":29},"end":{"line":284,"column":null}},"type":"if","locations":[{"start":{"line":279,"column":29},"end":{"line":284,"column":null}},{"start":{"line":280,"column":29},"end":{"line":284,"column":null}}],"line":279},"26":{"loc":{"start":{"line":280,"column":29},"end":{"line":284,"column":null}},"type":"if","locations":[{"start":{"line":280,"column":29},"end":{"line":284,"column":null}},{"start":{"line":281,"column":29},"end":{"line":284,"column":null}}],"line":280},"27":{"loc":{"start":{"line":281,"column":29},"end":{"line":284,"column":null}},"type":"if","locations":[{"start":{"line":281,"column":29},"end":{"line":284,"column":null}},{"start":{"line":282,"column":29},"end":{"line":284,"column":null}}],"line":281},"28":{"loc":{"start":{"line":282,"column":29},"end":{"line":284,"column":null}},"type":"if","locations":[{"start":{"line":282,"column":29},"end":{"line":284,"column":null}},{"start":{"line":284,"column":7},"end":{"line":284,"column":null}}],"line":282},"29":{"loc":{"start":{"line":298,"column":2},"end":{"line":300,"column":null}},"type":"if","locations":[{"start":{"line":298,"column":2},"end":{"line":300,"column":null}},{"start":{},"end":{}}],"line":298},"30":{"loc":{"start":{"line":301,"column":2},"end":{"line":303,"column":null}},"type":"if","locations":[{"start":{"line":301,"column":2},"end":{"line":303,"column":null}},{"start":{},"end":{}}],"line":301},"31":{"loc":{"start":{"line":304,"column":2},"end":{"line":306,"column":null}},"type":"if","locations":[{"start":{"line":304,"column":2},"end":{"line":306,"column":null}},{"start":{},"end":{}}],"line":304},"32":{"loc":{"start":{"line":307,"column":2},"end":{"line":311,"column":null}},"type":"if","locations":[{"start":{"line":307,"column":2},"end":{"line":311,"column":null}},{"start":{"line":309,"column":9},"end":{"line":311,"column":null}}],"line":307},"33":{"loc":{"start":{"line":322,"column":9},"end":{"line":322,"column":null}},"type":"cond-expr","locations":[{"start":{"line":322,"column":21},"end":{"line":322,"column":45}},{"start":{"line":322,"column":45},"end":{"line":322,"column":null}}],"line":322},"34":{"loc":{"start":{"line":333,"column":9},"end":{"line":333,"column":null}},"type":"cond-expr","locations":[{"start":{"line":333,"column":21},"end":{"line":333,"column":59}},{"start":{"line":333,"column":59},"end":{"line":333,"column":null}}],"line":333},"35":{"loc":{"start":{"line":381,"column":2},"end":{"line":383,"column":null}},"type":"if","locations":[{"start":{"line":381,"column":2},"end":{"line":383,"column":null}},{"start":{},"end":{}}],"line":381},"36":{"loc":{"start":{"line":393,"column":2},"end":{"line":393,"column":null}},"type":"if","locations":[{"start":{"line":393,"column":2},"end":{"line":393,"column":null}},{"start":{},"end":{}}],"line":393},"37":{"loc":{"start":{"line":393,"column":6},"end":{"line":393,"column":16}},"type":"binary-expr","locations":[{"start":{"line":393,"column":6},"end":{"line":393,"column":12}},{"start":{"line":393,"column":12},"end":{"line":393,"column":16}}],"line":393},"38":{"loc":{"start":{"line":397,"column":9},"end":{"line":397,"column":null}},"type":"binary-expr","locations":[{"start":{"line":397,"column":9},"end":{"line":397,"column":35}},{"start":{"line":397,"column":35},"end":{"line":397,"column":63}},{"start":{"line":397,"column":63},"end":{"line":397,"column":null}}],"line":397},"39":{"loc":{"start":{"line":467,"column":31},"end":{"line":467,"column":79}},"type":"default-arg","locations":[{"start":{"line":467,"column":48},"end":{"line":467,"column":79}}],"line":467},"40":{"loc":{"start":{"line":482,"column":2},"end":{"line":484,"column":null}},"type":"if","locations":[{"start":{"line":482,"column":2},"end":{"line":484,"column":null}},{"start":{},"end":{}}],"line":482},"41":{"loc":{"start":{"line":496,"column":2},"end":{"line":502,"column":null}},"type":"if","locations":[{"start":{"line":496,"column":2},"end":{"line":502,"column":null}},{"start":{},"end":{}}],"line":496}},"s":{"0":1,"1":0,"2":0,"3":0,"4":0,"5":0,"6":0,"7":0,"8":0,"9":0,"10":0,"11":0,"12":0,"13":0,"14":0,"15":0,"16":7,"17":2,"18":5,"19":1,"20":1,"21":0,"22":1,"23":0,"24":0,"25":0,"26":0,"27":0,"28":0,"29":0,"30":0,"31":0,"32":0,"33":0,"34":0,"35":0,"36":0,"37":0,"38":0,"39":0,"40":0,"41":0,"42":1,"43":1,"44":1,"45":1,"46":1,"47":1,"48":1,"49":1,"50":1,"51":1,"52":1,"53":6,"54":6,"55":6,"56":6,"57":1,"58":5,"59":1,"60":1,"61":4,"62":1,"63":1,"64":3,"65":1,"66":1,"67":2,"68":1,"69":1,"70":1,"71":1,"72":8,"73":8,"74":1,"75":7,"76":1,"77":6,"78":1,"79":5,"80":1,"81":4,"82":1,"83":3,"84":1,"85":2,"86":1,"87":1,"88":5,"89":5,"90":5,"91":5,"92":5,"93":1,"94":4,"95":1,"96":3,"97":1,"98":2,"99":1,"100":1,"101":0,"102":0,"103":1,"104":1,"105":2,"106":2,"107":2,"108":0,"109":0,"110":4,"111":0,"112":4,"113":4,"114":2,"115":2,"116":2,"117":2,"118":0,"119":0,"120":0,"121":0,"122":0,"123":0,"124":0,"125":0,"126":0,"127":0,"128":0,"129":0,"130":0,"131":0,"132":0,"133":2,"134":3,"135":3,"136":1,"137":2,"138":2,"139":2,"140":2,"141":1,"142":2,"143":2},"f":{"0":0,"1":0,"2":0,"3":0,"4":0,"5":0,"6":7,"7":1,"8":0,"9":0,"10":0,"11":0,"12":0,"13":0,"14":1,"15":6,"16":8,"17":5,"18":0,"19":0,"20":1,"21":1,"22":2,"23":0,"24":4,"25":4,"26":0,"27":0,"28":0,"29":0,"30":0,"31":0,"32":2,"33":3},"b":{"0":[2,5],"1":[5,0],"2":[5,2],"3":[0,1],"4":[0,0],"5":[0,0],"6":[1,0],"7":[1,0],"8":[6],"9":[6,0],"10":[6,6],"11":[1,5],"12":[1,4],"13":[5,1],"14":[1,3],"15":[4,1],"16":[1,2],"17":[3,1],"18":[1,1],"19":[2,1],"20":[1,0],"21":[1,1],"22":[1,7],"23":[1,6],"24":[1,5],"25":[1,4],"26":[1,3],"27":[1,2],"28":[1,1],"29":[1,4],"30":[1,3],"31":[1,2],"32":[1,1],"33":[0,0],"34":[0,0],"35":[0,4],"36":[2,2],"37":[4,3],"38":[2,2,2],"39":[2],"40":[1,2],"41":[1,1]},"meta":{"lastBranch":42,"lastFunction":34,"lastStatement":144,"seen":{"s:7:32:53:Infinity":0,"f:10:11:10:17":0,"s:11:6:11:Infinity":1,"f:16:11:16:17":1,"s:17:19:17:Infinity":2,"s:18:6:18:Infinity":3,"s:19:6:19:Infinity":4,"f:24:11:24:17":2,"s:25:19:25:Infinity":5,"s:26:6:26:Infinity":6,"s:27:6:27:Infinity":7,"f:32:11:32:17":3,"s:33:19:33:Infinity":8,"s:34:6:34:Infinity":9,"s:35:6:35:Infinity":10,"f:40:11:40:17":4,"s:41:19:41:Infinity":11,"s:42:6:42:Infinity":12,"s:43:6:43:Infinity":13,"f:48:11:48:17":5,"s:49:19:49:Infinity":14,"s:50:6:50:Infinity":15,"f:66:16:66:27":6,"b:68:2:70:Infinity:undefined:undefined:undefined:undefined":0,"s:68:2:70:Infinity":16,"s:69:4:69:Infinity":17,"s:72:2:72:Infinity":18,"b:72:9:72:70:72:70:72:Infinity":1,"b:72:35:72:45:72:45:72:66":2,"f:81:16:81:27":7,"s:82:46:87:Infinity":19,"b:89:2:91:Infinity:undefined:undefined:undefined:undefined":3,"s:89:2:91:Infinity":20,"s:90:4:90:Infinity":21,"s:93:2:93:Infinity":22,"f:102:16:102:34":8,"s:104:18:104:Infinity":23,"s:105:18:105:Infinity":24,"s:106:20:115:Infinity":25,"s:118:31:118:Infinity":26,"s:119:29:119:Infinity":27,"s:120:33:120:Infinity":28,"s:122:2:122:Infinity":29,"f:130:16:130:29":9,"s:131:15:131:Infinity":30,"b:131:29:131:35:131:35:131:Infinity":4,"s:132:20:132:Infinity":31,"s:133:16:133:Infinity":32,"s:134:18:134:Infinity":33,"s:136:2:136:Infinity":34,"f:144:16:144:38":10,"s:147:19:176:Infinity":35,"s:178:15:178:Infinity":36,"f:178:29:178:30":11,"s:178:36:178:59":37,"s:179:2:179:Infinity":38,"b:179:16:179:30:179:30:179:Infinity":5,"f:185:16:185:31":12,"s:186:15:186:Infinity":39,"s:187:2:193:Infinity":40,"f:199:16:199:33":13,"s:200:2:200:Infinity":41,"f:208:16:208:24":14,"s:209:20:209:Infinity":42,"s:211:18:211:Infinity":43,"b:211:18:211:40:211:40:211:Infinity":6,"s:213:2:213:Infinity":44,"s:214:17:214:Infinity":45,"s:215:20:215:Infinity":46,"s:216:17:216:Infinity":47,"b:217:2:217:Infinity:undefined:undefined:undefined:undefined":7,"s:217:2:217:Infinity":48,"s:217:22:217:Infinity":49,"s:218:2:218:Infinity":50,"s:219:12:219:Infinity":51,"s:220:2:220:Infinity":52,"f:234:16:234:27":15,"b:234:67:234:98":8,"s:238:6:238:Infinity":53,"s:240:2:240:Infinity":54,"b:240:43:240:77:240:77:240:Infinity":9,"b:240:2:240:31:240:31:240:43":10,"s:242:2:242:Infinity":55,"b:243:2:266:Infinity:246:2:266:Infinity":11,"s:243:2:266:Infinity":56,"s:245:4:245:Infinity":57,"b:246:2:266:Infinity:250:2:266:Infinity":12,"s:246:2:266:Infinity":58,"b:246:13:246:29:246:29:246:44":13,"s:248:4:248:Infinity":59,"s:249:4:249:Infinity":60,"b:250:2:266:Infinity:254:2:266:Infinity":14,"s:250:2:266:Infinity":61,"b:250:13:250:31:250:31:250:46":15,"s:252:4:252:Infinity":62,"s:253:4:253:Infinity":63,"b:254:2:266:Infinity:258:2:266:Infinity":16,"s:254:2:266:Infinity":64,"b:254:13:254:32:254:32:254:49":17,"s:256:4:256:Infinity":65,"s:257:4:257:Infinity":66,"b:258:2:266:Infinity:262:9:266:Infinity":18,"s:258:2:266:Infinity":67,"b:258:13:258:33:258:33:258:51":19,"s:260:4:260:Infinity":68,"s:261:4:261:Infinity":69,"s:264:17:264:Infinity":70,"b:264:57:264:75:264:75:264:Infinity":20,"b:264:17:264:46:264:46:264:57":21,"s:265:4:265:Infinity":71,"f:275:16:275:27":16,"s:276:23:276:Infinity":72,"b:277:2:284:Infinity:277:23:284:Infinity":22,"s:277:2:284:Infinity":73,"s:277:16:277:Infinity":74,"b:277:23:284:Infinity:278:28:284:Infinity":23,"s:277:23:284:Infinity":75,"s:278:21:278:Infinity":76,"b:278:28:284:Infinity:279:29:284:Infinity":24,"s:278:28:284:Infinity":77,"s:279:22:279:Infinity":78,"b:279:29:284:Infinity:280:29:284:Infinity":25,"s:279:29:284:Infinity":79,"s:280:22:280:Infinity":80,"b:280:29:284:Infinity:281:29:284:Infinity":26,"s:280:29:284:Infinity":81,"s:281:22:281:Infinity":82,"b:281:29:284:Infinity:282:29:284:Infinity":27,"s:281:29:284:Infinity":83,"s:282:22:282:Infinity":84,"b:282:29:284:Infinity:284:7:284:Infinity":28,"s:282:29:284:Infinity":85,"s:283:22:283:Infinity":86,"s:284:7:284:Infinity":87,"f:293:16:293:28":17,"s:294:14:294:Infinity":88,"s:295:15:295:Infinity":89,"s:296:17:296:Infinity":90,"s:297:17:297:Infinity":91,"b:298:2:300:Infinity:undefined:undefined:undefined:undefined":29,"s:298:2:300:Infinity":92,"s:299:4:299:Infinity":93,"b:301:2:303:Infinity:undefined:undefined:undefined:undefined":30,"s:301:2:303:Infinity":94,"s:302:4:302:Infinity":95,"b:304:2:306:Infinity:undefined:undefined:undefined:undefined":31,"s:304:2:306:Infinity":96,"s:305:4:305:Infinity":97,"b:307:2:311:Infinity:309:9:311:Infinity":32,"s:307:2:311:Infinity":98,"s:308:4:308:Infinity":99,"s:310:4:310:Infinity":100,"f:321:16:321:30":18,"s:322:2:322:Infinity":101,"b:322:21:322:45:322:45:322:Infinity":33,"f:332:16:332:31":19,"s:333:2:333:Infinity":102,"b:333:21:333:59:333:59:333:Infinity":34,"f:341:16:341:27":20,"s:342:2:342:Infinity":103,"f:350:16:350:25":21,"s:351:2:351:Infinity":104,"f:359:16:359:27":22,"s:360:2:360:Infinity":105,"s:361:2:361:Infinity":106,"s:363:2:363:Infinity":107,"f:371:16:371:24":23,"s:372:2:372:Infinity":108,"s:373:2:373:Infinity":109,"f:380:16:380:28":24,"b:381:2:383:Infinity:undefined:undefined:undefined:undefined":35,"s:381:2:383:Infinity":110,"s:382:4:382:Infinity":111,"s:384:2:384:Infinity":112,"f:392:16:392:26":25,"b:393:2:393:Infinity:undefined:undefined:undefined:undefined":36,"s:393:2:393:Infinity":113,"b:393:6:393:12:393:12:393:16":37,"s:393:16:393:Infinity":114,"s:395:8:395:Infinity":115,"s:396:8:396:Infinity":116,"s:397:2:397:Infinity":117,"b:397:9:397:35:397:35:397:63:397:63:397:Infinity":38,"f:405:16:405:Infinity":26,"s:409:8:409:Infinity":118,"s:410:2:410:Infinity":119,"f:416:16:416:69":27,"s:417:8:417:Infinity":120,"s:418:8:418:Infinity":121,"s:419:2:419:Infinity":122,"f:425:16:425:70":28,"s:426:8:426:Infinity":123,"s:427:8:427:Infinity":124,"s:428:2:428:Infinity":125,"f:434:16:434:69":29,"s:435:8:435:Infinity":126,"s:436:8:436:Infinity":127,"s:437:2:437:Infinity":128,"f:445:16:445:Infinity":30,"s:449:2:452:Infinity":129,"f:456:16:456:51":31,"s:457:14:457:Infinity":130,"s:458:19:458:Infinity":131,"s:459:2:459:Infinity":132,"f:467:16:467:31":32,"b:467:48:467:79":39,"s:468:2:468:Infinity":133,"f:477:16:477:39":33,"s:479:21:479:Infinity":134,"b:482:2:484:Infinity:undefined:undefined:undefined:undefined":40,"s:482:2:484:Infinity":135,"s:483:4:483:Infinity":136,"s:487:14:487:Infinity":137,"s:488:22:488:Infinity":138,"s:491:20:495:Infinity":139,"b:496:2:502:Infinity:undefined:undefined:undefined:undefined":41,"s:496:2:502:Infinity":140,"s:497:4:501:Infinity":141,"s:505:19:505:Infinity":142,"s:506:2:506:Infinity":143}}}
,"D:\\Lilia\\xcy-nuxt\\app\\utils\\index.ts": {"path":"D:\\Lilia\\xcy-nuxt\\app\\utils\\index.ts","statementMap":{"0":{"start":{"line":10,"column":27},"end":{"line":19,"column":null}},"1":{"start":{"line":11,"column":15},"end":{"line":11,"column":null}},"2":{"start":{"line":12,"column":2},"end":{"line":17,"column":null}},"3":{"start":{"line":13,"column":4},"end":{"line":13,"column":null}},"4":{"start":{"line":14,"column":4},"end":{"line":16,"column":null}},"5":{"start":{"line":15,"column":6},"end":{"line":15,"column":null}},"6":{"start":{"line":18,"column":2},"end":{"line":18,"column":null}},"7":{"start":{"line":25,"column":31},"end":{"line":27,"column":null}},"8":{"start":{"line":26,"column":2},"end":{"line":26,"column":null}},"9":{"start":{"line":33,"column":31},"end":{"line":38,"column":null}},"10":{"start":{"line":34,"column":2},"end":{"line":34,"column":null}},"11":{"start":{"line":34,"column":12},"end":{"line":34,"column":null}},"12":{"start":{"line":35,"column":2},"end":{"line":37,"column":null}},"13":{"start":{"line":36,"column":4},"end":{"line":36,"column":null}},"14":{"start":{"line":43,"column":26},"end":{"line":45,"column":null}},"15":{"start":{"line":44,"column":2},"end":{"line":44,"column":null}},"16":{"start":{"line":47,"column":25},"end":{"line":49,"column":null}},"17":{"start":{"line":48,"column":2},"end":{"line":48,"column":null}},"18":{"start":{"line":57,"column":25},"end":{"line":70,"column":null}},"19":{"start":{"line":58,"column":2},"end":{"line":60,"column":null}},"20":{"start":{"line":59,"column":4},"end":{"line":59,"column":null}},"21":{"start":{"line":61,"column":14},"end":{"line":61,"column":null}},"22":{"start":{"line":62,"column":2},"end":{"line":68,"column":null}},"23":{"start":{"line":63,"column":19},"end":{"line":63,"column":null}},"24":{"start":{"line":64,"column":4},"end":{"line":67,"column":null}},"25":{"start":{"line":65,"column":6},"end":{"line":65,"column":null}},"26":{"start":{"line":66,"column":6},"end":{"line":66,"column":null}},"27":{"start":{"line":69,"column":2},"end":{"line":69,"column":null}},"28":{"start":{"line":72,"column":20},"end":{"line":74,"column":null}},"29":{"start":{"line":73,"column":2},"end":{"line":73,"column":null}},"30":{"start":{"line":81,"column":2},"end":{"line":85,"column":null}},"31":{"start":{"line":82,"column":23},"end":{"line":82,"column":null}},"32":{"start":{"line":83,"column":22},"end":{"line":83,"column":null}},"33":{"start":{"line":84,"column":4},"end":{"line":84,"column":null}},"34":{"start":{"line":92,"column":2},"end":{"line":92,"column":null}},"35":{"start":{"line":92,"column":57},"end":{"line":92,"column":72}},"36":{"start":{"line":95,"column":28},"end":{"line":124,"column":null}},"37":{"start":{"line":96,"column":2},"end":{"line":109,"column":null}},"38":{"start":{"line":97,"column":4},"end":{"line":99,"column":null}},"39":{"start":{"line":98,"column":6},"end":{"line":98,"column":null}},"40":{"start":{"line":100,"column":4},"end":{"line":108,"column":null}},"41":{"start":{"line":101,"column":23},"end":{"line":106,"column":null}},"42":{"start":{"line":102,"column":20},"end":{"line":102,"column":null}},"43":{"start":{"line":103,"column":8},"end":{"line":105,"column":null}},"44":{"start":{"line":107,"column":6},"end":{"line":107,"column":null}},"45":{"start":{"line":110,"column":6},"end":{"line":110,"column":null}},"46":{"start":{"line":112,"column":5},"end":{"line":112,"column":null}},"47":{"start":{"line":113,"column":2},"end":{"line":123,"column":null}},"48":{"start":{"line":114,"column":17},"end":{"line":114,"column":null}},"49":{"start":{"line":115,"column":4},"end":{"line":121,"column":null}},"50":{"start":{"line":116,"column":6},"end":{"line":116,"column":null}},"51":{"start":{"line":117,"column":6},"end":{"line":117,"column":null}},"52":{"start":{"line":119,"column":6},"end":{"line":119,"column":null}},"53":{"start":{"line":120,"column":6},"end":{"line":120,"column":null}},"54":{"start":{"line":122,"column":4},"end":{"line":122,"column":null}},"55":{"start":{"line":132,"column":33},"end":{"line":140,"column":null}},"56":{"start":{"line":133,"column":19},"end":{"line":133,"column":null}},"57":{"start":{"line":134,"column":18},"end":{"line":134,"column":null}},"58":{"start":{"line":135,"column":18},"end":{"line":135,"column":null}},"59":{"start":{"line":136,"column":16},"end":{"line":136,"column":null}},"60":{"start":{"line":137,"column":15},"end":{"line":137,"column":null}},"61":{"start":{"line":138,"column":18},"end":{"line":138,"column":null}},"62":{"start":{"line":139,"column":2},"end":{"line":139,"column":null}},"63":{"start":{"line":147,"column":33},"end":{"line":158,"column":null}},"64":{"start":{"line":148,"column":17},"end":{"line":148,"column":null}},"65":{"start":{"line":150,"column":2},"end":{"line":155,"column":null}},"66":{"start":{"line":152,"column":4},"end":{"line":154,"column":null}},"67":{"start":{"line":153,"column":6},"end":{"line":153,"column":null}},"68":{"start":{"line":157,"column":2},"end":{"line":157,"column":null}},"69":{"start":{"line":165,"column":27},"end":{"line":169,"column":null}},"70":{"start":{"line":166,"column":2},"end":{"line":166,"column":null}},"71":{"start":{"line":166,"column":23},"end":{"line":166,"column":null}},"72":{"start":{"line":167,"column":14},"end":{"line":167,"column":null}},"73":{"start":{"line":168,"column":2},"end":{"line":168,"column":null}},"74":{"start":{"line":176,"column":33},"end":{"line":178,"column":null}},"75":{"start":{"line":177,"column":2},"end":{"line":177,"column":null}},"76":{"start":{"line":185,"column":33},"end":{"line":187,"column":null}},"77":{"start":{"line":186,"column":2},"end":{"line":186,"column":null}},"78":{"start":{"line":197,"column":27},"end":{"line":206,"column":null}},"79":{"start":{"line":198,"column":2},"end":{"line":205,"column":null}},"80":{"start":{"line":199,"column":18},"end":{"line":199,"column":null}},"81":{"start":{"line":200,"column":4},"end":{"line":204,"column":null}},"82":{"start":{"line":201,"column":6},"end":{"line":201,"column":null}},"83":{"start":{"line":203,"column":6},"end":{"line":203,"column":null}},"84":{"start":{"line":218,"column":25},"end":{"line":223,"column":null}},"85":{"start":{"line":219,"column":2},"end":{"line":219,"column":null}},"86":{"start":{"line":219,"column":55},"end":{"line":219,"column":null}},"87":{"start":{"line":220,"column":14},"end":{"line":220,"column":null}},"88":{"start":{"line":221,"column":2},"end":{"line":221,"column":null}},"89":{"start":{"line":221,"column":18},"end":{"line":221,"column":null}},"90":{"start":{"line":222,"column":2},"end":{"line":222,"column":null}},"91":{"start":{"line":233,"column":25},"end":{"line":238,"column":null}},"92":{"start":{"line":234,"column":2},"end":{"line":234,"column":null}},"93":{"start":{"line":234,"column":58},"end":{"line":234,"column":null}},"94":{"start":{"line":235,"column":14},"end":{"line":235,"column":null}},"95":{"start":{"line":236,"column":2},"end":{"line":236,"column":null}},"96":{"start":{"line":236,"column":18},"end":{"line":236,"column":null}},"97":{"start":{"line":237,"column":2},"end":{"line":237,"column":null}},"98":{"start":{"line":248,"column":28},"end":{"line":253,"column":null}},"99":{"start":{"line":249,"column":2},"end":{"line":249,"column":null}},"100":{"start":{"line":249,"column":64},"end":{"line":249,"column":null}},"101":{"start":{"line":250,"column":14},"end":{"line":250,"column":null}},"102":{"start":{"line":251,"column":2},"end":{"line":251,"column":null}},"103":{"start":{"line":251,"column":18},"end":{"line":251,"column":null}},"104":{"start":{"line":252,"column":2},"end":{"line":252,"column":null}},"105":{"start":{"line":261,"column":37},"end":{"line":266,"column":null}},"106":{"start":{"line":263,"column":2},"end":{"line":263,"column":null}},"107":{"start":{"line":263,"column":36},"end":{"line":263,"column":null}},"108":{"start":{"line":265,"column":2},"end":{"line":265,"column":null}},"109":{"start":{"line":270,"column":24},"end":{"line":270,"column":null}},"110":{"start":{"line":271,"column":24},"end":{"line":271,"column":null}},"111":{"start":{"line":282,"column":34},"end":{"line":294,"column":null}},"112":{"start":{"line":283,"column":2},"end":{"line":285,"column":null}},"113":{"start":{"line":284,"column":4},"end":{"line":284,"column":null}},"114":{"start":{"line":286,"column":2},"end":{"line":288,"column":null}},"115":{"start":{"line":287,"column":4},"end":{"line":287,"column":null}},"116":{"start":{"line":290,"column":2},"end":{"line":292,"column":null}},"117":{"start":{"line":291,"column":4},"end":{"line":291,"column":null}},"118":{"start":{"line":293,"column":2},"end":{"line":293,"column":null}},"119":{"start":{"line":304,"column":38},"end":{"line":306,"column":null}},"120":{"start":{"line":305,"column":2},"end":{"line":305,"column":null}},"121":{"start":{"line":315,"column":44},"end":{"line":317,"column":null}},"122":{"start":{"line":316,"column":2},"end":{"line":316,"column":null}},"123":{"start":{"line":327,"column":38},"end":{"line":329,"column":null}},"124":{"start":{"line":328,"column":2},"end":{"line":328,"column":null}},"125":{"start":{"line":338,"column":44},"end":{"line":340,"column":null}},"126":{"start":{"line":339,"column":2},"end":{"line":339,"column":null}},"127":{"start":{"line":349,"column":32},"end":{"line":354,"column":null}},"128":{"start":{"line":350,"column":2},"end":{"line":352,"column":null}},"129":{"start":{"line":351,"column":4},"end":{"line":351,"column":null}},"130":{"start":{"line":353,"column":2},"end":{"line":353,"column":null}},"131":{"start":{"line":364,"column":38},"end":{"line":367,"column":null}},"132":{"start":{"line":365,"column":2},"end":{"line":365,"column":null}},"133":{"start":{"line":365,"column":19},"end":{"line":365,"column":null}},"134":{"start":{"line":366,"column":2},"end":{"line":366,"column":null}},"135":{"start":{"line":374,"column":27},"end":{"line":384,"column":null}},"136":{"start":{"line":375,"column":2},"end":{"line":377,"column":null}},"137":{"start":{"line":376,"column":4},"end":{"line":376,"column":null}},"138":{"start":{"line":378,"column":2},"end":{"line":383,"column":null}},"139":{"start":{"line":392,"column":2},"end":{"line":397,"column":null}},"140":{"start":{"line":393,"column":4},"end":{"line":393,"column":null}},"141":{"start":{"line":395,"column":4},"end":{"line":395,"column":null}},"142":{"start":{"line":396,"column":4},"end":{"line":396,"column":null}},"143":{"start":{"line":400,"column":25},"end":{"line":400,"column":null}},"144":{"start":{"line":400,"column":44},"end":{"line":400,"column":null}},"145":{"start":{"line":401,"column":25},"end":{"line":401,"column":null}},"146":{"start":{"line":401,"column":44},"end":{"line":401,"column":null}},"147":{"start":{"line":402,"column":22},"end":{"line":402,"column":null}},"148":{"start":{"line":402,"column":38},"end":{"line":402,"column":null}},"149":{"start":{"line":412,"column":2},"end":{"line":412,"column":null}},"150":{"start":{"line":412,"column":23},"end":{"line":412,"column":null}},"151":{"start":{"line":415,"column":25},"end":{"line":415,"column":null}},"152":{"start":{"line":416,"column":16},"end":{"line":416,"column":null}},"153":{"start":{"line":418,"column":18},"end":{"line":418,"column":null}},"154":{"start":{"line":419,"column":19},"end":{"line":419,"column":null}},"155":{"start":{"line":421,"column":2},"end":{"line":421,"column":null}},"156":{"start":{"line":421,"column":40},"end":{"line":421,"column":71}},"157":{"start":{"line":425,"column":31},"end":{"line":434,"column":null}},"158":{"start":{"line":426,"column":2},"end":{"line":426,"column":null}},"159":{"start":{"line":426,"column":12},"end":{"line":426,"column":null}},"160":{"start":{"line":427,"column":18},"end":{"line":427,"column":null}},"161":{"start":{"line":428,"column":2},"end":{"line":433,"column":null}},"162":{"start":{"line":429,"column":4},"end":{"line":429,"column":null}},"163":{"start":{"line":430,"column":4},"end":{"line":430,"column":null}},"164":{"start":{"line":432,"column":4},"end":{"line":432,"column":null}},"165":{"start":{"line":444,"column":28},"end":{"line":480,"column":null}},"166":{"start":{"line":450,"column":62},"end":{"line":450,"column":null}},"167":{"start":{"line":451,"column":18},"end":{"line":451,"column":null}},"168":{"start":{"line":453,"column":2},"end":{"line":479,"column":null}},"169":{"start":{"line":454,"column":22},"end":{"line":454,"column":null}},"170":{"start":{"line":456,"column":4},"end":{"line":463,"column":null}},"171":{"start":{"line":457,"column":19},"end":{"line":457,"column":null}},"172":{"start":{"line":458,"column":6},"end":{"line":458,"column":null}},"173":{"start":{"line":459,"column":4},"end":{"line":463,"column":null}},"174":{"start":{"line":460,"column":6},"end":{"line":460,"column":null}},"175":{"start":{"line":462,"column":6},"end":{"line":462,"column":null}},"176":{"start":{"line":465,"column":17},"end":{"line":465,"column":null}},"177":{"start":{"line":466,"column":4},"end":{"line":466,"column":null}},"178":{"start":{"line":467,"column":4},"end":{"line":467,"column":null}},"179":{"start":{"line":468,"column":4},"end":{"line":468,"column":null}},"180":{"start":{"line":469,"column":4},"end":{"line":469,"column":null}},"181":{"start":{"line":470,"column":4},"end":{"line":470,"column":null}},"182":{"start":{"line":473,"column":4},"end":{"line":475,"column":null}},"183":{"start":{"line":474,"column":6},"end":{"line":474,"column":null}},"184":{"start":{"line":477,"column":4},"end":{"line":477,"column":null}},"185":{"start":{"line":478,"column":4},"end":{"line":478,"column":null}},"186":{"start":{"line":485,"column":2},"end":{"line":487,"column":null}},"187":{"start":{"line":486,"column":4},"end":{"line":486,"column":null}},"188":{"start":{"line":491,"column":2},"end":{"line":491,"column":null}},"189":{"start":{"line":503,"column":2},"end":{"line":505,"column":null}},"190":{"start":{"line":504,"column":4},"end":{"line":504,"column":null}},"191":{"start":{"line":508,"column":17},"end":{"line":508,"column":null}},"192":{"start":{"line":511,"column":2},"end":{"line":513,"column":null}},"193":{"start":{"line":512,"column":4},"end":{"line":512,"column":null}},"194":{"start":{"line":516,"column":15},"end":{"line":516,"column":null}},"195":{"start":{"line":517,"column":16},"end":{"line":517,"column":null}},"196":{"start":{"line":520,"column":15},"end":{"line":520,"column":null}},"197":{"start":{"line":523,"column":2},"end":{"line":525,"column":null}},"198":{"start":{"line":524,"column":4},"end":{"line":524,"column":null}},"199":{"start":{"line":527,"column":2},"end":{"line":527,"column":null}}},"fnMap":{"0":{"name":"(anonymous_0)","decl":{"start":{"line":10,"column":27},"end":{"line":10,"column":31}},"loc":{"start":{"line":10,"column":64},"end":{"line":19,"column":null}},"line":10},"1":{"name":"(anonymous_1)","decl":{"start":{"line":12,"column":17},"end":{"line":12,"column":18}},"loc":{"start":{"line":12,"column":31},"end":{"line":17,"column":null}},"line":12},"2":{"name":"(anonymous_2)","decl":{"start":{"line":25,"column":31},"end":{"line":25,"column":32}},"loc":{"start":{"line":25,"column":56},"end":{"line":27,"column":null}},"line":25},"3":{"name":"(anonymous_3)","decl":{"start":{"line":33,"column":31},"end":{"line":33,"column":32}},"loc":{"start":{"line":33,"column":56},"end":{"line":38,"column":null}},"line":33},"4":{"name":"(anonymous_4)","decl":{"start":{"line":35,"column":32},"end":{"line":35,"column":33}},"loc":{"start":{"line":35,"column":55},"end":{"line":37,"column":3}},"line":35},"5":{"name":"(anonymous_5)","decl":{"start":{"line":43,"column":26},"end":{"line":43,"column":27}},"loc":{"start":{"line":43,"column":51},"end":{"line":45,"column":null}},"line":43},"6":{"name":"(anonymous_6)","decl":{"start":{"line":47,"column":25},"end":{"line":47,"column":26}},"loc":{"start":{"line":47,"column":85},"end":{"line":49,"column":null}},"line":47},"7":{"name":"(anonymous_7)","decl":{"start":{"line":57,"column":25},"end":{"line":57,"column":42}},"loc":{"start":{"line":57,"column":76},"end":{"line":70,"column":null}},"line":57},"8":{"name":"(anonymous_8)","decl":{"start":{"line":62,"column":11},"end":{"line":62,"column":12}},"loc":{"start":{"line":62,"column":50},"end":{"line":68,"column":3}},"line":62},"9":{"name":"(anonymous_9)","decl":{"start":{"line":72,"column":20},"end":{"line":72,"column":21}},"loc":{"start":{"line":72,"column":37},"end":{"line":74,"column":null}},"line":72},"10":{"name":"toAnyString","decl":{"start":{"line":80,"column":16},"end":{"line":80,"column":30}},"loc":{"start":{"line":80,"column":30},"end":{"line":86,"column":null}},"line":80},"11":{"name":"(anonymous_11)","decl":{"start":{"line":81,"column":58},"end":{"line":81,"column":59}},"loc":{"start":{"line":81,"column":73},"end":{"line":85,"column":3}},"line":81},"12":{"name":"firstUpperCase","decl":{"start":{"line":91,"column":16},"end":{"line":91,"column":31}},"loc":{"start":{"line":91,"column":44},"end":{"line":93,"column":null}},"line":91},"13":{"name":"(anonymous_13)","decl":{"start":{"line":92,"column":50},"end":{"line":92,"column":51}},"loc":{"start":{"line":92,"column":57},"end":{"line":92,"column":72}},"line":92},"14":{"name":"(anonymous_14)","decl":{"start":{"line":95,"column":28},"end":{"line":95,"column":34}},"loc":{"start":{"line":95,"column":34},"end":{"line":124,"column":null}},"line":95},"15":{"name":"(anonymous_15)","decl":{"start":{"line":101,"column":23},"end":{"line":101,"column":24}},"loc":{"start":{"line":101,"column":35},"end":{"line":106,"column":null}},"line":101},"16":{"name":"(anonymous_16)","decl":{"start":{"line":113,"column":65},"end":{"line":113,"column":66}},"loc":{"start":{"line":113,"column":72},"end":{"line":123,"column":3}},"line":113},"17":{"name":"(anonymous_17)","decl":{"start":{"line":132,"column":33},"end":{"line":132,"column":34}},"loc":{"start":{"line":132,"column":65},"end":{"line":140,"column":null}},"line":132},"18":{"name":"(anonymous_18)","decl":{"start":{"line":147,"column":33},"end":{"line":147,"column":34}},"loc":{"start":{"line":147,"column":63},"end":{"line":158,"column":null}},"line":147},"19":{"name":"(anonymous_19)","decl":{"start":{"line":150,"column":30},"end":{"line":150,"column":31}},"loc":{"start":{"line":150,"column":39},"end":{"line":155,"column":3}},"line":150},"20":{"name":"(anonymous_20)","decl":{"start":{"line":165,"column":27},"end":{"line":165,"column":28}},"loc":{"start":{"line":165,"column":84},"end":{"line":169,"column":null}},"line":165},"21":{"name":"(anonymous_21)","decl":{"start":{"line":176,"column":33},"end":{"line":176,"column":34}},"loc":{"start":{"line":176,"column":90},"end":{"line":178,"column":null}},"line":176},"22":{"name":"(anonymous_22)","decl":{"start":{"line":185,"column":33},"end":{"line":185,"column":34}},"loc":{"start":{"line":185,"column":54},"end":{"line":187,"column":null}},"line":185},"23":{"name":"(anonymous_23)","decl":{"start":{"line":197,"column":27},"end":{"line":197,"column":28}},"loc":{"start":{"line":197,"column":57},"end":{"line":206,"column":null}},"line":197},"24":{"name":"(anonymous_24)","decl":{"start":{"line":198,"column":23},"end":{"line":198,"column":24}},"loc":{"start":{"line":198,"column":39},"end":{"line":205,"column":5}},"line":198},"25":{"name":"(anonymous_25)","decl":{"start":{"line":218,"column":25},"end":{"line":218,"column":26}},"loc":{"start":{"line":218,"column":59},"end":{"line":223,"column":null}},"line":218},"26":{"name":"(anonymous_26)","decl":{"start":{"line":233,"column":25},"end":{"line":233,"column":26}},"loc":{"start":{"line":233,"column":60},"end":{"line":238,"column":null}},"line":233},"27":{"name":"(anonymous_27)","decl":{"start":{"line":248,"column":28},"end":{"line":248,"column":29}},"loc":{"start":{"line":248,"column":77},"end":{"line":253,"column":null}},"line":248},"28":{"name":"(anonymous_28)","decl":{"start":{"line":261,"column":37},"end":{"line":261,"column":38}},"loc":{"start":{"line":261,"column":77},"end":{"line":266,"column":null}},"line":261},"29":{"name":"(anonymous_29)","decl":{"start":{"line":282,"column":34},"end":{"line":282,"column":35}},"loc":{"start":{"line":282,"column":87},"end":{"line":294,"column":null}},"line":282},"30":{"name":"(anonymous_30)","decl":{"start":{"line":304,"column":38},"end":{"line":304,"column":39}},"loc":{"start":{"line":304,"column":76},"end":{"line":306,"column":null}},"line":304},"31":{"name":"(anonymous_31)","decl":{"start":{"line":315,"column":44},"end":{"line":315,"column":45}},"loc":{"start":{"line":315,"column":76},"end":{"line":317,"column":null}},"line":315},"32":{"name":"(anonymous_32)","decl":{"start":{"line":327,"column":38},"end":{"line":327,"column":39}},"loc":{"start":{"line":327,"column":76},"end":{"line":329,"column":null}},"line":327},"33":{"name":"(anonymous_33)","decl":{"start":{"line":338,"column":44},"end":{"line":338,"column":45}},"loc":{"start":{"line":338,"column":76},"end":{"line":340,"column":null}},"line":338},"34":{"name":"(anonymous_34)","decl":{"start":{"line":349,"column":32},"end":{"line":349,"column":33}},"loc":{"start":{"line":349,"column":66},"end":{"line":354,"column":null}},"line":349},"35":{"name":"(anonymous_35)","decl":{"start":{"line":364,"column":38},"end":{"line":364,"column":39}},"loc":{"start":{"line":364,"column":72},"end":{"line":367,"column":null}},"line":364},"36":{"name":"(anonymous_36)","decl":{"start":{"line":374,"column":27},"end":{"line":374,"column":28}},"loc":{"start":{"line":374,"column":49},"end":{"line":384,"column":null}},"line":374},"37":{"name":"jsonParse","decl":{"start":{"line":391,"column":16},"end":{"line":391,"column":26}},"loc":{"start":{"line":391,"column":39},"end":{"line":398,"column":null}},"line":391},"38":{"name":"(anonymous_38)","decl":{"start":{"line":400,"column":25},"end":{"line":400,"column":26}},"loc":{"start":{"line":400,"column":44},"end":{"line":400,"column":null}},"line":400},"39":{"name":"(anonymous_39)","decl":{"start":{"line":401,"column":25},"end":{"line":401,"column":26}},"loc":{"start":{"line":401,"column":44},"end":{"line":401,"column":null}},"line":401},"40":{"name":"(anonymous_40)","decl":{"start":{"line":402,"column":22},"end":{"line":402,"column":23}},"loc":{"start":{"line":402,"column":38},"end":{"line":402,"column":null}},"line":402},"41":{"name":"highlightKeyword","decl":{"start":{"line":411,"column":16},"end":{"line":411,"column":33}},"loc":{"start":{"line":411,"column":94},"end":{"line":422,"column":null}},"line":411},"42":{"name":"(anonymous_42)","decl":{"start":{"line":421,"column":29},"end":{"line":421,"column":30}},"loc":{"start":{"line":421,"column":40},"end":{"line":421,"column":71}},"line":421},"43":{"name":"(anonymous_43)","decl":{"start":{"line":425,"column":31},"end":{"line":425,"column":38}},"loc":{"start":{"line":425,"column":55},"end":{"line":434,"column":null}},"line":425},"44":{"name":"(anonymous_44)","decl":{"start":{"line":444,"column":28},"end":{"line":444,"column":29}},"loc":{"start":{"line":449,"column":6},"end":{"line":480,"column":null}},"line":449},"45":{"name":"stripHtmlTags","decl":{"start":{"line":483,"column":16},"end":{"line":483,"column":30}},"loc":{"start":{"line":483,"column":35},"end":{"line":492,"column":null}},"line":483},"46":{"name":"numberToChinese","decl":{"start":{"line":501,"column":16},"end":{"line":501,"column":32}},"loc":{"start":{"line":501,"column":53},"end":{"line":528,"column":null}},"line":501}},"branchMap":{"0":{"loc":{"start":{"line":13,"column":18},"end":{"line":13,"column":49}},"type":"binary-expr","locations":[{"start":{"line":13,"column":18},"end":{"line":13,"column":31}},{"start":{"line":13,"column":31},"end":{"line":13,"column":49}}],"line":13},"1":{"loc":{"start":{"line":14,"column":4},"end":{"line":16,"column":null}},"type":"if","locations":[{"start":{"line":14,"column":4},"end":{"line":16,"column":null}},{"start":{},"end":{}}],"line":14},"2":{"loc":{"start":{"line":34,"column":2},"end":{"line":34,"column":null}},"type":"if","locations":[{"start":{"line":34,"column":2},"end":{"line":34,"column":null}},{"start":{},"end":{}}],"line":34},"3":{"loc":{"start":{"line":47,"column":50},"end":{"line":47,"column":85}},"type":"default-arg","locations":[{"start":{"line":47,"column":56},"end":{"line":47,"column":85}}],"line":47},"4":{"loc":{"start":{"line":58,"column":2},"end":{"line":60,"column":null}},"type":"if","locations":[{"start":{"line":58,"column":2},"end":{"line":60,"column":null}},{"start":{},"end":{}}],"line":58},"5":{"loc":{"start":{"line":64,"column":4},"end":{"line":67,"column":null}},"type":"if","locations":[{"start":{"line":64,"column":4},"end":{"line":67,"column":null}},{"start":{},"end":{}}],"line":64},"6":{"loc":{"start":{"line":83,"column":22},"end":{"line":83,"column":null}},"type":"cond-expr","locations":[{"start":{"line":83,"column":34},"end":{"line":83,"column":39}},{"start":{"line":83,"column":39},"end":{"line":83,"column":null}}],"line":83},"7":{"loc":{"start":{"line":96,"column":2},"end":{"line":109,"column":null}},"type":"if","locations":[{"start":{"line":96,"column":2},"end":{"line":109,"column":null}},{"start":{},"end":{}}],"line":96},"8":{"loc":{"start":{"line":97,"column":4},"end":{"line":99,"column":null}},"type":"if","locations":[{"start":{"line":97,"column":4},"end":{"line":99,"column":null}},{"start":{},"end":{}}],"line":97},"9":{"loc":{"start":{"line":100,"column":4},"end":{"line":108,"column":null}},"type":"if","locations":[{"start":{"line":100,"column":4},"end":{"line":108,"column":null}},{"start":{},"end":{}}],"line":100},"10":{"loc":{"start":{"line":100,"column":8},"end":{"line":100,"column":90}},"type":"binary-expr","locations":[{"start":{"line":100,"column":8},"end":{"line":100,"column":56}},{"start":{"line":100,"column":56},"end":{"line":100,"column":90}}],"line":100},"11":{"loc":{"start":{"line":112,"column":5},"end":{"line":112,"column":null}},"type":"binary-expr","locations":[{"start":{"line":112,"column":5},"end":{"line":112,"column":43}},{"start":{"line":112,"column":43},"end":{"line":112,"column":62}},{"start":{"line":112,"column":62},"end":{"line":112,"column":91}},{"start":{"line":112,"column":91},"end":{"line":112,"column":null}}],"line":112},"12":{"loc":{"start":{"line":115,"column":4},"end":{"line":121,"column":null}},"type":"if","locations":[{"start":{"line":115,"column":4},"end":{"line":121,"column":null}},{"start":{"line":118,"column":11},"end":{"line":121,"column":null}}],"line":115},"13":{"loc":{"start":{"line":122,"column":12},"end":{"line":122,"column":55}},"type":"cond-expr","locations":[{"start":{"line":122,"column":24},"end":{"line":122,"column":34}},{"start":{"line":122,"column":34},"end":{"line":122,"column":55}}],"line":122},"14":{"loc":{"start":{"line":152,"column":4},"end":{"line":154,"column":null}},"type":"if","locations":[{"start":{"line":152,"column":4},"end":{"line":154,"column":null}},{"start":{},"end":{}}],"line":152},"15":{"loc":{"start":{"line":165,"column":41},"end":{"line":165,"column":84}},"type":"default-arg","locations":[{"start":{"line":165,"column":58},"end":{"line":165,"column":84}}],"line":165},"16":{"loc":{"start":{"line":166,"column":2},"end":{"line":166,"column":null}},"type":"if","locations":[{"start":{"line":166,"column":2},"end":{"line":166,"column":null}},{"start":{},"end":{}}],"line":166},"17":{"loc":{"start":{"line":166,"column":6},"end":{"line":166,"column":23}},"type":"binary-expr","locations":[{"start":{"line":166,"column":6},"end":{"line":166,"column":17}},{"start":{"line":166,"column":17},"end":{"line":166,"column":23}}],"line":166},"18":{"loc":{"start":{"line":168,"column":9},"end":{"line":168,"column":null}},"type":"binary-expr","locations":[{"start":{"line":168,"column":9},"end":{"line":168,"column":38}},{"start":{"line":168,"column":38},"end":{"line":168,"column":null}}],"line":168},"19":{"loc":{"start":{"line":176,"column":47},"end":{"line":176,"column":90}},"type":"default-arg","locations":[{"start":{"line":176,"column":64},"end":{"line":176,"column":90}}],"line":176},"20":{"loc":{"start":{"line":186,"column":31},"end":{"line":186,"column":70}},"type":"cond-expr","locations":[{"start":{"line":186,"column":55},"end":{"line":186,"column":63}},{"start":{"line":186,"column":63},"end":{"line":186,"column":70}}],"line":186},"21":{"loc":{"start":{"line":200,"column":4},"end":{"line":204,"column":null}},"type":"if","locations":[{"start":{"line":200,"column":4},"end":{"line":204,"column":null}},{"start":{"line":202,"column":11},"end":{"line":204,"column":null}}],"line":200},"22":{"loc":{"start":{"line":219,"column":2},"end":{"line":219,"column":null}},"type":"if","locations":[{"start":{"line":219,"column":2},"end":{"line":219,"column":null}},{"start":{},"end":{}}],"line":219},"23":{"loc":{"start":{"line":219,"column":6},"end":{"line":219,"column":55}},"type":"binary-expr","locations":[{"start":{"line":219,"column":6},"end":{"line":219,"column":20}},{"start":{"line":219,"column":20},"end":{"line":219,"column":36}},{"start":{"line":219,"column":36},"end":{"line":219,"column":55}}],"line":219},"24":{"loc":{"start":{"line":220,"column":14},"end":{"line":220,"column":null}},"type":"cond-expr","locations":[{"start":{"line":220,"column":40},"end":{"line":220,"column":58}},{"start":{"line":220,"column":58},"end":{"line":220,"column":null}}],"line":220},"25":{"loc":{"start":{"line":221,"column":2},"end":{"line":221,"column":null}},"type":"if","locations":[{"start":{"line":221,"column":2},"end":{"line":221,"column":null}},{"start":{},"end":{}}],"line":221},"26":{"loc":{"start":{"line":234,"column":2},"end":{"line":234,"column":null}},"type":"if","locations":[{"start":{"line":234,"column":2},"end":{"line":234,"column":null}},{"start":{},"end":{}}],"line":234},"27":{"loc":{"start":{"line":234,"column":6},"end":{"line":234,"column":58}},"type":"binary-expr","locations":[{"start":{"line":234,"column":6},"end":{"line":234,"column":21}},{"start":{"line":234,"column":21},"end":{"line":234,"column":38}},{"start":{"line":234,"column":38},"end":{"line":234,"column":58}}],"line":234},"28":{"loc":{"start":{"line":235,"column":14},"end":{"line":235,"column":null}},"type":"cond-expr","locations":[{"start":{"line":235,"column":41},"end":{"line":235,"column":60}},{"start":{"line":235,"column":60},"end":{"line":235,"column":null}}],"line":235},"29":{"loc":{"start":{"line":236,"column":2},"end":{"line":236,"column":null}},"type":"if","locations":[{"start":{"line":236,"column":2},"end":{"line":236,"column":null}},{"start":{},"end":{}}],"line":236},"30":{"loc":{"start":{"line":249,"column":2},"end":{"line":249,"column":null}},"type":"if","locations":[{"start":{"line":249,"column":2},"end":{"line":249,"column":null}},{"start":{},"end":{}}],"line":249},"31":{"loc":{"start":{"line":249,"column":6},"end":{"line":249,"column":64}},"type":"binary-expr","locations":[{"start":{"line":249,"column":6},"end":{"line":249,"column":23}},{"start":{"line":249,"column":23},"end":{"line":249,"column":42}},{"start":{"line":249,"column":42},"end":{"line":249,"column":64}}],"line":249},"32":{"loc":{"start":{"line":250,"column":14},"end":{"line":250,"column":null}},"type":"cond-expr","locations":[{"start":{"line":250,"column":43},"end":{"line":250,"column":64}},{"start":{"line":250,"column":64},"end":{"line":250,"column":null}}],"line":250},"33":{"loc":{"start":{"line":251,"column":2},"end":{"line":251,"column":null}},"type":"if","locations":[{"start":{"line":251,"column":2},"end":{"line":251,"column":null}},{"start":{},"end":{}}],"line":251},"34":{"loc":{"start":{"line":263,"column":2},"end":{"line":263,"column":null}},"type":"if","locations":[{"start":{"line":263,"column":2},"end":{"line":263,"column":null}},{"start":{},"end":{}}],"line":263},"35":{"loc":{"start":{"line":263,"column":6},"end":{"line":263,"column":36}},"type":"binary-expr","locations":[{"start":{"line":263,"column":6},"end":{"line":263,"column":20}},{"start":{"line":263,"column":20},"end":{"line":263,"column":36}}],"line":263},"36":{"loc":{"start":{"line":265,"column":19},"end":{"line":265,"column":33}},"type":"binary-expr","locations":[{"start":{"line":265,"column":19},"end":{"line":265,"column":28}},{"start":{"line":265,"column":28},"end":{"line":265,"column":33}}],"line":265},"37":{"loc":{"start":{"line":283,"column":2},"end":{"line":285,"column":null}},"type":"if","locations":[{"start":{"line":283,"column":2},"end":{"line":285,"column":null}},{"start":{},"end":{}}],"line":283},"38":{"loc":{"start":{"line":286,"column":2},"end":{"line":288,"column":null}},"type":"if","locations":[{"start":{"line":286,"column":2},"end":{"line":288,"column":null}},{"start":{},"end":{}}],"line":286},"39":{"loc":{"start":{"line":290,"column":2},"end":{"line":292,"column":null}},"type":"if","locations":[{"start":{"line":290,"column":2},"end":{"line":292,"column":null}},{"start":{},"end":{}}],"line":290},"40":{"loc":{"start":{"line":350,"column":2},"end":{"line":352,"column":null}},"type":"if","locations":[{"start":{"line":350,"column":2},"end":{"line":352,"column":null}},{"start":{},"end":{}}],"line":350},"41":{"loc":{"start":{"line":350,"column":6},"end":{"line":350,"column":38}},"type":"binary-expr","locations":[{"start":{"line":350,"column":6},"end":{"line":350,"column":23}},{"start":{"line":350,"column":23},"end":{"line":350,"column":38}}],"line":350},"42":{"loc":{"start":{"line":365,"column":2},"end":{"line":365,"column":null}},"type":"if","locations":[{"start":{"line":365,"column":2},"end":{"line":365,"column":null}},{"start":{},"end":{}}],"line":365},"43":{"loc":{"start":{"line":375,"column":2},"end":{"line":377,"column":null}},"type":"if","locations":[{"start":{"line":375,"column":2},"end":{"line":377,"column":null}},{"start":{},"end":{}}],"line":375},"44":{"loc":{"start":{"line":411,"column":64},"end":{"line":411,"column":94}},"type":"default-arg","locations":[{"start":{"line":411,"column":78},"end":{"line":411,"column":94}}],"line":411},"45":{"loc":{"start":{"line":412,"column":2},"end":{"line":412,"column":null}},"type":"if","locations":[{"start":{"line":412,"column":2},"end":{"line":412,"column":null}},{"start":{},"end":{}}],"line":412},"46":{"loc":{"start":{"line":426,"column":2},"end":{"line":426,"column":null}},"type":"if","locations":[{"start":{"line":426,"column":2},"end":{"line":426,"column":null}},{"start":{},"end":{}}],"line":426},"47":{"loc":{"start":{"line":450,"column":34},"end":{"line":450,"column":58}},"type":"default-arg","locations":[{"start":{"line":450,"column":45},"end":{"line":450,"column":58}}],"line":450},"48":{"loc":{"start":{"line":456,"column":4},"end":{"line":463,"column":null}},"type":"if","locations":[{"start":{"line":456,"column":4},"end":{"line":463,"column":null}},{"start":{"line":459,"column":4},"end":{"line":463,"column":null}}],"line":456},"49":{"loc":{"start":{"line":457,"column":19},"end":{"line":457,"column":null}},"type":"cond-expr","locations":[{"start":{"line":457,"column":45},"end":{"line":457,"column":55}},{"start":{"line":457,"column":55},"end":{"line":457,"column":null}}],"line":457},"50":{"loc":{"start":{"line":459,"column":4},"end":{"line":463,"column":null}},"type":"if","locations":[{"start":{"line":459,"column":4},"end":{"line":463,"column":null}},{"start":{"line":461,"column":11},"end":{"line":463,"column":null}}],"line":459},"51":{"loc":{"start":{"line":473,"column":4},"end":{"line":475,"column":null}},"type":"if","locations":[{"start":{"line":473,"column":4},"end":{"line":475,"column":null}},{"start":{},"end":{}}],"line":473},"52":{"loc":{"start":{"line":478,"column":27},"end":{"line":478,"column":48}},"type":"binary-expr","locations":[{"start":{"line":478,"column":27},"end":{"line":478,"column":42}},{"start":{"line":478,"column":42},"end":{"line":478,"column":48}}],"line":478},"53":{"loc":{"start":{"line":485,"column":2},"end":{"line":487,"column":null}},"type":"if","locations":[{"start":{"line":485,"column":2},"end":{"line":487,"column":null}},{"start":{},"end":{}}],"line":485},"54":{"loc":{"start":{"line":503,"column":2},"end":{"line":505,"column":null}},"type":"if","locations":[{"start":{"line":503,"column":2},"end":{"line":505,"column":null}},{"start":{},"end":{}}],"line":503},"55":{"loc":{"start":{"line":503,"column":6},"end":{"line":503,"column":53}},"type":"binary-expr","locations":[{"start":{"line":503,"column":6},"end":{"line":503,"column":32}},{"start":{"line":503,"column":32},"end":{"line":503,"column":43}},{"start":{"line":503,"column":43},"end":{"line":503,"column":53}}],"line":503},"56":{"loc":{"start":{"line":511,"column":2},"end":{"line":513,"column":null}},"type":"if","locations":[{"start":{"line":511,"column":2},"end":{"line":513,"column":null}},{"start":{},"end":{}}],"line":511},"57":{"loc":{"start":{"line":520,"column":15},"end":{"line":520,"column":null}},"type":"cond-expr","locations":[{"start":{"line":520,"column":28},"end":{"line":520,"column":34}},{"start":{"line":520,"column":34},"end":{"line":520,"column":null}}],"line":520},"58":{"loc":{"start":{"line":523,"column":2},"end":{"line":525,"column":null}},"type":"if","locations":[{"start":{"line":523,"column":2},"end":{"line":525,"column":null}},{"start":{},"end":{}}],"line":523}},"s":{"0":1,"1":0,"2":0,"3":0,"4":0,"5":0,"6":0,"7":1,"8":3,"9":1,"10":4,"11":1,"12":3,"13":4,"14":1,"15":0,"16":1,"17":0,"18":1,"19":2,"20":2,"21":0,"22":0,"23":0,"24":0,"25":0,"26":0,"27":0,"28":1,"29":3,"30":1,"31":24,"32":24,"33":24,"34":3,"35":4,"36":1,"37":3,"38":3,"39":3,"40":0,"41":0,"42":0,"43":0,"44":0,"45":0,"46":0,"47":3,"48":0,"49":0,"50":0,"51":0,"52":0,"53":0,"54":0,"55":1,"56":4,"57":4,"58":4,"59":4,"60":4,"61":4,"62":4,"63":1,"64":2,"65":2,"66":5,"67":2,"68":2,"69":1,"70":5,"71":2,"72":3,"73":3,"74":1,"75":0,"76":1,"77":2,"78":1,"79":3,"80":10,"81":10,"82":8,"83":2,"84":1,"85":10,"86":3,"87":7,"88":10,"89":2,"90":5,"91":1,"92":10,"93":3,"94":7,"95":10,"96":0,"97":7,"98":1,"99":8,"100":3,"101":5,"102":8,"103":0,"104":5,"105":1,"106":6,"107":2,"108":4,"109":1,"110":1,"111":1,"112":0,"113":0,"114":0,"115":0,"116":0,"117":0,"118":0,"119":1,"120":0,"121":1,"122":0,"123":1,"124":0,"125":1,"126":0,"127":1,"128":0,"129":0,"130":0,"131":1,"132":0,"133":0,"134":0,"135":1,"136":0,"137":0,"138":0,"139":3,"140":3,"141":1,"142":1,"143":1,"144":2,"145":1,"146":1,"147":1,"148":0,"149":5,"150":1,"151":4,"152":4,"153":4,"154":4,"155":4,"156":5,"157":1,"158":0,"159":0,"160":0,"161":0,"162":0,"163":0,"164":0,"165":1,"166":0,"167":0,"168":0,"169":0,"170":0,"171":0,"172":0,"173":0,"174":0,"175":0,"176":0,"177":0,"178":0,"179":0,"180":0,"181":0,"182":0,"183":0,"184":0,"185":0,"186":5,"187":2,"188":3,"189":11,"190":4,"191":7,"192":7,"193":2,"194":5,"195":5,"196":5,"197":11,"198":3,"199":5},"f":{"0":0,"1":0,"2":3,"3":4,"4":4,"5":0,"6":0,"7":2,"8":0,"9":3,"10":1,"11":24,"12":3,"13":4,"14":3,"15":0,"16":0,"17":4,"18":2,"19":5,"20":5,"21":0,"22":2,"23":3,"24":10,"25":10,"26":10,"27":8,"28":6,"29":0,"30":0,"31":0,"32":0,"33":0,"34":0,"35":0,"36":0,"37":3,"38":2,"39":1,"40":0,"41":5,"42":5,"43":0,"44":0,"45":5,"46":11},"b":{"0":[0,0],"1":[0,0],"2":[1,3],"3":[0],"4":[2,0],"5":[0,0],"6":[23,1],"7":[3,0],"8":[3,0],"9":[0,0],"10":[0,0],"11":[0,0,0,0],"12":[0,0],"13":[0,0],"14":[2,3],"15":[5],"16":[2,3],"17":[5,4],"18":[3,0],"19":[0],"20":[1,1],"21":[8,2],"22":[3,7],"23":[10,9,8],"24":[3,4],"25":[2,8],"26":[3,7],"27":[10,9,8],"28":[2,5],"29":[0,10],"30":[3,5],"31":[8,7,6],"32":[2,3],"33":[0,8],"34":[2,4],"35":[6,4],"36":[4,1],"37":[0,0],"38":[0,0],"39":[0,0],"40":[0,0],"41":[0,0],"42":[0,0],"43":[0,0],"44":[5],"45":[1,4],"46":[0,0],"47":[0],"48":[0,0],"49":[0,0],"50":[0,0],"51":[0,0],"52":[0,0],"53":[2,3],"54":[4,7],"55":[11,10,8],"56":[2,5],"57":[2,3],"58":[3,8]},"meta":{"lastBranch":59,"lastFunction":47,"lastStatement":200,"seen":{"s:10:27:19:Infinity":0,"f:10:27:10:31":0,"s:11:15:11:Infinity":1,"s:12:2:17:Infinity":2,"f:12:17:12:18":1,"s:13:4:13:Infinity":3,"b:13:18:13:31:13:31:13:49":0,"b:14:4:16:Infinity:undefined:undefined:undefined:undefined":1,"s:14:4:16:Infinity":4,"s:15:6:15:Infinity":5,"s:18:2:18:Infinity":6,"s:25:31:27:Infinity":7,"f:25:31:25:32":2,"s:26:2:26:Infinity":8,"s:33:31:38:Infinity":9,"f:33:31:33:32":3,"b:34:2:34:Infinity:undefined:undefined:undefined:undefined":2,"s:34:2:34:Infinity":10,"s:34:12:34:Infinity":11,"s:35:2:37:Infinity":12,"f:35:32:35:33":4,"s:36:4:36:Infinity":13,"s:43:26:45:Infinity":14,"f:43:26:43:27":5,"s:44:2:44:Infinity":15,"s:47:25:49:Infinity":16,"f:47:25:47:26":6,"b:47:56:47:85":3,"s:48:2:48:Infinity":17,"s:57:25:70:Infinity":18,"f:57:25:57:42":7,"b:58:2:60:Infinity:undefined:undefined:undefined:undefined":4,"s:58:2:60:Infinity":19,"s:59:4:59:Infinity":20,"s:61:14:61:Infinity":21,"s:62:2:68:Infinity":22,"f:62:11:62:12":8,"s:63:19:63:Infinity":23,"b:64:4:67:Infinity:undefined:undefined:undefined:undefined":5,"s:64:4:67:Infinity":24,"s:65:6:65:Infinity":25,"s:66:6:66:Infinity":26,"s:69:2:69:Infinity":27,"s:72:20:74:Infinity":28,"f:72:20:72:21":9,"s:73:2:73:Infinity":29,"f:80:16:80:30":10,"s:81:2:85:Infinity":30,"f:81:58:81:59":11,"s:82:23:82:Infinity":31,"s:83:22:83:Infinity":32,"b:83:34:83:39:83:39:83:Infinity":6,"s:84:4:84:Infinity":33,"f:91:16:91:31":12,"s:92:2:92:Infinity":34,"f:92:50:92:51":13,"s:92:57:92:72":35,"s:95:28:124:Infinity":36,"f:95:28:95:34":14,"b:96:2:109:Infinity:undefined:undefined:undefined:undefined":7,"s:96:2:109:Infinity":37,"b:97:4:99:Infinity:undefined:undefined:undefined:undefined":8,"s:97:4:99:Infinity":38,"s:98:6:98:Infinity":39,"b:100:4:108:Infinity:undefined:undefined:undefined:undefined":9,"s:100:4:108:Infinity":40,"b:100:8:100:56:100:56:100:90":10,"s:101:23:106:Infinity":41,"f:101:23:101:24":15,"s:102:20:102:Infinity":42,"s:103:8:105:Infinity":43,"s:107:6:107:Infinity":44,"s:110:6:110:Infinity":45,"s:112:5:112:Infinity":46,"b:112:5:112:43:112:43:112:62:112:62:112:91:112:91:112:Infinity":11,"s:113:2:123:Infinity":47,"f:113:65:113:66":16,"s:114:17:114:Infinity":48,"b:115:4:121:Infinity:118:11:121:Infinity":12,"s:115:4:121:Infinity":49,"s:116:6:116:Infinity":50,"s:117:6:117:Infinity":51,"s:119:6:119:Infinity":52,"s:120:6:120:Infinity":53,"s:122:4:122:Infinity":54,"b:122:24:122:34:122:34:122:55":13,"s:132:33:140:Infinity":55,"f:132:33:132:34":17,"s:133:19:133:Infinity":56,"s:134:18:134:Infinity":57,"s:135:18:135:Infinity":58,"s:136:16:136:Infinity":59,"s:137:15:137:Infinity":60,"s:138:18:138:Infinity":61,"s:139:2:139:Infinity":62,"s:147:33:158:Infinity":63,"f:147:33:147:34":18,"s:148:17:148:Infinity":64,"s:150:2:155:Infinity":65,"f:150:30:150:31":19,"b:152:4:154:Infinity:undefined:undefined:undefined:undefined":14,"s:152:4:154:Infinity":66,"s:153:6:153:Infinity":67,"s:157:2:157:Infinity":68,"s:165:27:169:Infinity":69,"f:165:27:165:28":20,"b:165:58:165:84":15,"b:166:2:166:Infinity:undefined:undefined:undefined:undefined":16,"s:166:2:166:Infinity":70,"b:166:6:166:17:166:17:166:23":17,"s:166:23:166:Infinity":71,"s:167:14:167:Infinity":72,"s:168:2:168:Infinity":73,"b:168:9:168:38:168:38:168:Infinity":18,"s:176:33:178:Infinity":74,"f:176:33:176:34":21,"b:176:64:176:90":19,"s:177:2:177:Infinity":75,"s:185:33:187:Infinity":76,"f:185:33:185:34":22,"s:186:2:186:Infinity":77,"b:186:55:186:63:186:63:186:70":20,"s:197:27:206:Infinity":78,"f:197:27:197:28":23,"s:198:2:205:Infinity":79,"f:198:23:198:24":24,"s:199:18:199:Infinity":80,"b:200:4:204:Infinity:202:11:204:Infinity":21,"s:200:4:204:Infinity":81,"s:201:6:201:Infinity":82,"s:203:6:203:Infinity":83,"s:218:25:223:Infinity":84,"f:218:25:218:26":25,"b:219:2:219:Infinity:undefined:undefined:undefined:undefined":22,"s:219:2:219:Infinity":85,"b:219:6:219:20:219:20:219:36:219:36:219:55":23,"s:219:55:219:Infinity":86,"s:220:14:220:Infinity":87,"b:220:40:220:58:220:58:220:Infinity":24,"b:221:2:221:Infinity:undefined:undefined:undefined:undefined":25,"s:221:2:221:Infinity":88,"s:221:18:221:Infinity":89,"s:222:2:222:Infinity":90,"s:233:25:238:Infinity":91,"f:233:25:233:26":26,"b:234:2:234:Infinity:undefined:undefined:undefined:undefined":26,"s:234:2:234:Infinity":92,"b:234:6:234:21:234:21:234:38:234:38:234:58":27,"s:234:58:234:Infinity":93,"s:235:14:235:Infinity":94,"b:235:41:235:60:235:60:235:Infinity":28,"b:236:2:236:Infinity:undefined:undefined:undefined:undefined":29,"s:236:2:236:Infinity":95,"s:236:18:236:Infinity":96,"s:237:2:237:Infinity":97,"s:248:28:253:Infinity":98,"f:248:28:248:29":27,"b:249:2:249:Infinity:undefined:undefined:undefined:undefined":30,"s:249:2:249:Infinity":99,"b:249:6:249:23:249:23:249:42:249:42:249:64":31,"s:249:64:249:Infinity":100,"s:250:14:250:Infinity":101,"b:250:43:250:64:250:64:250:Infinity":32,"b:251:2:251:Infinity:undefined:undefined:undefined:undefined":33,"s:251:2:251:Infinity":102,"s:251:18:251:Infinity":103,"s:252:2:252:Infinity":104,"s:261:37:266:Infinity":105,"f:261:37:261:38":28,"b:263:2:263:Infinity:undefined:undefined:undefined:undefined":34,"s:263:2:263:Infinity":106,"b:263:6:263:20:263:20:263:36":35,"s:263:36:263:Infinity":107,"s:265:2:265:Infinity":108,"b:265:19:265:28:265:28:265:33":36,"s:270:24:270:Infinity":109,"s:271:24:271:Infinity":110,"s:282:34:294:Infinity":111,"f:282:34:282:35":29,"b:283:2:285:Infinity:undefined:undefined:undefined:undefined":37,"s:283:2:285:Infinity":112,"s:284:4:284:Infinity":113,"b:286:2:288:Infinity:undefined:undefined:undefined:undefined":38,"s:286:2:288:Infinity":114,"s:287:4:287:Infinity":115,"b:290:2:292:Infinity:undefined:undefined:undefined:undefined":39,"s:290:2:292:Infinity":116,"s:291:4:291:Infinity":117,"s:293:2:293:Infinity":118,"s:304:38:306:Infinity":119,"f:304:38:304:39":30,"s:305:2:305:Infinity":120,"s:315:44:317:Infinity":121,"f:315:44:315:45":31,"s:316:2:316:Infinity":122,"s:327:38:329:Infinity":123,"f:327:38:327:39":32,"s:328:2:328:Infinity":124,"s:338:44:340:Infinity":125,"f:338:44:338:45":33,"s:339:2:339:Infinity":126,"s:349:32:354:Infinity":127,"f:349:32:349:33":34,"b:350:2:352:Infinity:undefined:undefined:undefined:undefined":40,"s:350:2:352:Infinity":128,"b:350:6:350:23:350:23:350:38":41,"s:351:4:351:Infinity":129,"s:353:2:353:Infinity":130,"s:364:38:367:Infinity":131,"f:364:38:364:39":35,"b:365:2:365:Infinity:undefined:undefined:undefined:undefined":42,"s:365:2:365:Infinity":132,"s:365:19:365:Infinity":133,"s:366:2:366:Infinity":134,"s:374:27:384:Infinity":135,"f:374:27:374:28":36,"b:375:2:377:Infinity:undefined:undefined:undefined:undefined":43,"s:375:2:377:Infinity":136,"s:376:4:376:Infinity":137,"s:378:2:383:Infinity":138,"f:391:16:391:26":37,"s:392:2:397:Infinity":139,"s:393:4:393:Infinity":140,"s:395:4:395:Infinity":141,"s:396:4:396:Infinity":142,"s:400:25:400:Infinity":143,"f:400:25:400:26":38,"s:400:44:400:Infinity":144,"s:401:25:401:Infinity":145,"f:401:25:401:26":39,"s:401:44:401:Infinity":146,"s:402:22:402:Infinity":147,"f:402:22:402:23":40,"s:402:38:402:Infinity":148,"f:411:16:411:33":41,"b:411:78:411:94":44,"b:412:2:412:Infinity:undefined:undefined:undefined:undefined":45,"s:412:2:412:Infinity":149,"s:412:23:412:Infinity":150,"s:415:25:415:Infinity":151,"s:416:16:416:Infinity":152,"s:418:18:418:Infinity":153,"s:419:19:419:Infinity":154,"s:421:2:421:Infinity":155,"f:421:29:421:30":42,"s:421:40:421:71":156,"s:425:31:434:Infinity":157,"f:425:31:425:38":43,"b:426:2:426:Infinity:undefined:undefined:undefined:undefined":46,"s:426:2:426:Infinity":158,"s:426:12:426:Infinity":159,"s:427:18:427:Infinity":160,"s:428:2:433:Infinity":161,"s:429:4:429:Infinity":162,"s:430:4:430:Infinity":163,"s:432:4:432:Infinity":164,"s:444:28:480:Infinity":165,"f:444:28:444:29":44,"s:450:62:450:Infinity":166,"b:450:45:450:58":47,"s:451:18:451:Infinity":167,"s:453:2:479:Infinity":168,"s:454:22:454:Infinity":169,"b:456:4:463:Infinity:459:4:463:Infinity":48,"s:456:4:463:Infinity":170,"s:457:19:457:Infinity":171,"b:457:45:457:55:457:55:457:Infinity":49,"s:458:6:458:Infinity":172,"b:459:4:463:Infinity:461:11:463:Infinity":50,"s:459:4:463:Infinity":173,"s:460:6:460:Infinity":174,"s:462:6:462:Infinity":175,"s:465:17:465:Infinity":176,"s:466:4:466:Infinity":177,"s:467:4:467:Infinity":178,"s:468:4:468:Infinity":179,"s:469:4:469:Infinity":180,"s:470:4:470:Infinity":181,"b:473:4:475:Infinity:undefined:undefined:undefined:undefined":51,"s:473:4:475:Infinity":182,"s:474:6:474:Infinity":183,"s:477:4:477:Infinity":184,"s:478:4:478:Infinity":185,"b:478:27:478:42:478:42:478:48":52,"f:483:16:483:30":45,"b:485:2:487:Infinity:undefined:undefined:undefined:undefined":53,"s:485:2:487:Infinity":186,"s:486:4:486:Infinity":187,"s:491:2:491:Infinity":188,"f:501:16:501:32":46,"b:503:2:505:Infinity:undefined:undefined:undefined:undefined":54,"s:503:2:505:Infinity":189,"b:503:6:503:32:503:32:503:43:503:43:503:53":55,"s:504:4:504:Infinity":190,"s:508:17:508:Infinity":191,"b:511:2:513:Infinity:undefined:undefined:undefined:undefined":56,"s:511:2:513:Infinity":192,"s:512:4:512:Infinity":193,"s:516:15:516:Infinity":194,"s:517:16:517:Infinity":195,"s:520:15:520:Infinity":196,"b:520:28:520:34:520:34:520:Infinity":57,"b:523:2:525:Infinity:undefined:undefined:undefined:undefined":58,"s:523:2:525:Infinity":197,"s:524:4:524:Infinity":198,"s:527:2:527:Infinity":199}}}
}
